2024-09-09T07:48:18.386+05:45  INFO 10369 --- [ChatApplication] [restartedMain] com.example.demo.ChatApplication         : Starting ChatApplication using Java 21.0.3 with PID 10369 (/Users/mericsapkota/Documents/workspace-spring-tool-suite-4-4.24.0.RELEASE/ChatApplication/target/classes started by mericsapkota in /Users/mericsapkota/Documents/workspace-spring-tool-suite-4-4.24.0.RELEASE/ChatApplication)
2024-09-09T07:48:18.387+05:45  INFO 10369 --- [ChatApplication] [restartedMain] com.example.demo.ChatApplication         : No active profile set, falling back to 1 default profile: "default"
2024-09-09T07:48:18.407+05:45  INFO 10369 --- [ChatApplication] [restartedMain] .e.DevToolsPropertyDefaultsPostProcessor : Devtools property defaults active! Set 'spring.devtools.add-properties' to 'false' to disable
2024-09-09T07:48:18.407+05:45  INFO 10369 --- [ChatApplication] [restartedMain] .e.DevToolsPropertyDefaultsPostProcessor : For additional web related logging consider setting the 'logging.level.web' property to 'DEBUG'
2024-09-09T07:48:18.702+05:45  WARN 10369 --- [ChatApplication] [restartedMain] trationDelegate$BeanPostProcessorChecker : Bean 'org.springframework.ws.config.annotation.DelegatingWsConfiguration' of type [org.springframework.ws.config.annotation.DelegatingWsConfiguration$$SpringCGLIB$$0] is not eligible for getting processed by all BeanPostProcessors (for example: not eligible for auto-proxying). The currently created BeanPostProcessor [annotationActionEndpointMapping] is declared through a non-static factory method on that class; consider declaring it as static instead.
2024-09-09T07:48:18.730+05:45  INFO 10369 --- [ChatApplication] [restartedMain] .w.s.a.s.AnnotationActionEndpointMapping : Supporting [WS-Addressing August 2004, WS-Addressing 1.0]
2024-09-09T07:48:18.842+05:45  INFO 10369 --- [ChatApplication] [restartedMain] o.s.b.w.embedded.tomcat.TomcatWebServer  : Tomcat initialized with port 8080 (http)
2024-09-09T07:48:18.849+05:45  INFO 10369 --- [ChatApplication] [restartedMain] o.apache.catalina.core.StandardService   : Starting service [Tomcat]
2024-09-09T07:48:18.850+05:45  INFO 10369 --- [ChatApplication] [restartedMain] o.apache.catalina.core.StandardEngine    : Starting Servlet engine: [Apache Tomcat/10.1.28]
2024-09-09T07:48:18.866+05:45  INFO 10369 --- [ChatApplication] [restartedMain] o.a.c.c.C.[Tomcat].[localhost].[/]       : Initializing Spring embedded WebApplicationContext
2024-09-09T07:48:18.867+05:45  INFO 10369 --- [ChatApplication] [restartedMain] w.s.c.ServletWebServerApplicationContext : Root WebApplicationContext: initialization completed in 459 ms
2024-09-09T07:48:19.053+05:45  WARN 10369 --- [ChatApplication] [restartedMain] o.s.b.d.a.OptionalLiveReloadServer       : Unable to start LiveReload server
2024-09-09T07:48:19.064+05:45  WARN 10369 --- [ChatApplication] [restartedMain] ConfigServletWebServerApplicationContext : Exception encountered during context initialization - cancelling refresh attempt: org.springframework.context.ApplicationContextException: Failed to start bean 'webServerStartStop'
2024-09-09T07:48:19.074+05:45  INFO 10369 --- [ChatApplication] [restartedMain] .s.b.a.l.ConditionEvaluationReportLogger : 

Error starting ApplicationContext. To display the condition evaluation report re-run your application with 'debug' enabled.
2024-09-09T07:48:19.082+05:45 ERROR 10369 --- [ChatApplication] [restartedMain] o.s.b.d.LoggingFailureAnalysisReporter   : 

***************************
APPLICATION FAILED TO START
***************************

Description:

Web server failed to start. Port 8080 was already in use.

Action:

Identify and stop the process that's listening on port 8080 or configure this application to listen on another port.

